Analysis & Synthesis report for atv05
Mon Dec 04 22:45:35 2023
Quartus Prime Version 17.0.0 Build 595 04/25/2017 SJ Lite Edition


---------------------
; Table of Contents ;
---------------------
  1. Legal Notice
  2. Analysis & Synthesis Summary
  3. Analysis & Synthesis Settings
  4. Parallel Compilation
  5. Analysis & Synthesis Source Files Read
  6. Analysis & Synthesis Resource Usage Summary
  7. Analysis & Synthesis Resource Utilization by Entity
  8. User-Specified and Inferred Latches
  9. General Register Statistics
 10. Multiplexer Restructuring Statistics (Restructuring Performed)
 11. Parameter Settings for Inferred Entity Instance: arquitetura:inst|display:display0|lpm_divide:Div1
 12. Parameter Settings for Inferred Entity Instance: arquitetura:inst|display:display0|lpm_divide:Div0
 13. Parameter Settings for Inferred Entity Instance: arquitetura:inst|display:display0|lpm_mult:Mult0
 14. lpm_mult Parameter Settings by Entity Instance
 15. Port Connectivity Checks: "arquitetura:inst|display:display0|sevenSegDecoder:ssdTransition"
 16. Port Connectivity Checks: "arquitetura:inst|display:display0|sevenSegDecoder:ssdState"
 17. Post-Synthesis Netlist Statistics for Top Partition
 18. Elapsed Time Per Partition
 19. Analysis & Synthesis Messages



----------------
; Legal Notice ;
----------------
Copyright (C) 2017  Intel Corporation. All rights reserved.
Your use of Intel Corporation's design tools, logic functions 
and other software and tools, and its AMPP partner logic 
functions, and any output files from any of the foregoing 
(including device programming or simulation files), and any 
associated documentation or information are expressly subject 
to the terms and conditions of the Intel Program License 
Subscription Agreement, the Intel Quartus Prime License Agreement,
the Intel MegaCore Function License Agreement, or other 
applicable license agreement, including, without limitation, 
that your use is for the sole purpose of programming logic 
devices manufactured by Intel and sold by Intel or its 
authorized distributors.  Please refer to the applicable 
agreement for further details.



+----------------------------------------------------------------------------------+
; Analysis & Synthesis Summary                                                     ;
+------------------------------------+---------------------------------------------+
; Analysis & Synthesis Status        ; Successful - Mon Dec 04 22:45:35 2023       ;
; Quartus Prime Version              ; 17.0.0 Build 595 04/25/2017 SJ Lite Edition ;
; Revision Name                      ; atv05                                       ;
; Top-level Entity Name              ; atv05                                       ;
; Family                             ; Cyclone IV E                                ;
; Total logic elements               ; 315                                         ;
;     Total combinational functions  ; 315                                         ;
;     Dedicated logic registers      ; 0                                           ;
; Total registers                    ; 0                                           ;
; Total pins                         ; 45                                          ;
; Total virtual pins                 ; 0                                           ;
; Total memory bits                  ; 0                                           ;
; Embedded Multiplier 9-bit elements ; 0                                           ;
; Total PLLs                         ; 0                                           ;
+------------------------------------+---------------------------------------------+


+----------------------------------------------------------------------------------------------------------------------+
; Analysis & Synthesis Settings                                                                                        ;
+----------------------------------------------------------------------------+--------------------+--------------------+
; Option                                                                     ; Setting            ; Default Value      ;
+----------------------------------------------------------------------------+--------------------+--------------------+
; Device                                                                     ; EP4CE115F29C7      ;                    ;
; Top-level entity name                                                      ; atv05              ; atv05              ;
; Family name                                                                ; Cyclone IV E       ; Cyclone V          ;
; Use smart compilation                                                      ; Off                ; Off                ;
; Enable parallel Assembler and TimeQuest Timing Analyzer during compilation ; On                 ; On                 ;
; Enable compact report table                                                ; Off                ; Off                ;
; Restructure Multiplexers                                                   ; Auto               ; Auto               ;
; Create Debugging Nodes for IP Cores                                        ; Off                ; Off                ;
; Preserve fewer node names                                                  ; On                 ; On                 ;
; OpenCore Plus hardware evaluation                                          ; Enable             ; Enable             ;
; Verilog Version                                                            ; Verilog_2001       ; Verilog_2001       ;
; VHDL Version                                                               ; VHDL_1993          ; VHDL_1993          ;
; State Machine Processing                                                   ; Auto               ; Auto               ;
; Safe State Machine                                                         ; Off                ; Off                ;
; Extract Verilog State Machines                                             ; On                 ; On                 ;
; Extract VHDL State Machines                                                ; On                 ; On                 ;
; Ignore Verilog initial constructs                                          ; Off                ; Off                ;
; Iteration limit for constant Verilog loops                                 ; 5000               ; 5000               ;
; Iteration limit for non-constant Verilog loops                             ; 250                ; 250                ;
; Add Pass-Through Logic to Inferred RAMs                                    ; On                 ; On                 ;
; Infer RAMs from Raw Logic                                                  ; On                 ; On                 ;
; Parallel Synthesis                                                         ; On                 ; On                 ;
; DSP Block Balancing                                                        ; Auto               ; Auto               ;
; NOT Gate Push-Back                                                         ; On                 ; On                 ;
; Power-Up Don't Care                                                        ; On                 ; On                 ;
; Remove Redundant Logic Cells                                               ; Off                ; Off                ;
; Remove Duplicate Registers                                                 ; On                 ; On                 ;
; Ignore CARRY Buffers                                                       ; Off                ; Off                ;
; Ignore CASCADE Buffers                                                     ; Off                ; Off                ;
; Ignore GLOBAL Buffers                                                      ; Off                ; Off                ;
; Ignore ROW GLOBAL Buffers                                                  ; Off                ; Off                ;
; Ignore LCELL Buffers                                                       ; Off                ; Off                ;
; Ignore SOFT Buffers                                                        ; On                 ; On                 ;
; Limit AHDL Integers to 32 Bits                                             ; Off                ; Off                ;
; Optimization Technique                                                     ; Balanced           ; Balanced           ;
; Carry Chain Length                                                         ; 70                 ; 70                 ;
; Auto Carry Chains                                                          ; On                 ; On                 ;
; Auto Open-Drain Pins                                                       ; On                 ; On                 ;
; Perform WYSIWYG Primitive Resynthesis                                      ; Off                ; Off                ;
; Auto ROM Replacement                                                       ; On                 ; On                 ;
; Auto RAM Replacement                                                       ; On                 ; On                 ;
; Auto DSP Block Replacement                                                 ; On                 ; On                 ;
; Auto Shift Register Replacement                                            ; Auto               ; Auto               ;
; Allow Shift Register Merging across Hierarchies                            ; Auto               ; Auto               ;
; Auto Clock Enable Replacement                                              ; On                 ; On                 ;
; Strict RAM Replacement                                                     ; Off                ; Off                ;
; Allow Synchronous Control Signals                                          ; On                 ; On                 ;
; Force Use of Synchronous Clear Signals                                     ; Off                ; Off                ;
; Auto RAM Block Balancing                                                   ; On                 ; On                 ;
; Auto RAM to Logic Cell Conversion                                          ; Off                ; Off                ;
; Auto Resource Sharing                                                      ; Off                ; Off                ;
; Allow Any RAM Size For Recognition                                         ; Off                ; Off                ;
; Allow Any ROM Size For Recognition                                         ; Off                ; Off                ;
; Allow Any Shift Register Size For Recognition                              ; Off                ; Off                ;
; Use LogicLock Constraints during Resource Balancing                        ; On                 ; On                 ;
; Ignore translate_off and synthesis_off directives                          ; Off                ; Off                ;
; Timing-Driven Synthesis                                                    ; On                 ; On                 ;
; Report Parameter Settings                                                  ; On                 ; On                 ;
; Report Source Assignments                                                  ; On                 ; On                 ;
; Report Connectivity Checks                                                 ; On                 ; On                 ;
; Ignore Maximum Fan-Out Assignments                                         ; Off                ; Off                ;
; Synchronization Register Chain Length                                      ; 2                  ; 2                  ;
; PowerPlay Power Optimization During Synthesis                              ; Normal compilation ; Normal compilation ;
; HDL message level                                                          ; Level2             ; Level2             ;
; Suppress Register Optimization Related Messages                            ; Off                ; Off                ;
; Number of Removed Registers Reported in Synthesis Report                   ; 5000               ; 5000               ;
; Number of Swept Nodes Reported in Synthesis Report                         ; 5000               ; 5000               ;
; Number of Inverted Registers Reported in Synthesis Report                  ; 100                ; 100                ;
; Clock MUX Protection                                                       ; On                 ; On                 ;
; Auto Gated Clock Conversion                                                ; Off                ; Off                ;
; Block Design Naming                                                        ; Auto               ; Auto               ;
; SDC constraint protection                                                  ; Off                ; Off                ;
; Synthesis Effort                                                           ; Auto               ; Auto               ;
; Shift Register Replacement - Allow Asynchronous Clear Signal               ; On                 ; On                 ;
; Pre-Mapping Resynthesis Optimization                                       ; Off                ; Off                ;
; Analysis & Synthesis Message Level                                         ; Medium             ; Medium             ;
; Disable Register Merging Across Hierarchies                                ; Auto               ; Auto               ;
; Resource Aware Inference For Block RAM                                     ; On                 ; On                 ;
+----------------------------------------------------------------------------+--------------------+--------------------+


+------------------------------------------+
; Parallel Compilation                     ;
+----------------------------+-------------+
; Processors                 ; Number      ;
+----------------------------+-------------+
; Number detected on machine ; 12          ;
; Maximum allowed            ; 6           ;
;                            ;             ;
; Average used               ; 1.00        ;
; Maximum used               ; 1           ;
;                            ;             ;
; Usage by Processor         ; % Time Used ;
;     Processor 1            ; 100.0%      ;
+----------------------------+-------------+


+----------------------------------------------------------------------------------------------------------------------------------------------------------------------------------------+
; Analysis & Synthesis Source Files Read                                                                                                                                                 ;
+----------------------------------+-----------------+------------------------------------+------------------------------------------------------------------------------------+---------+
; File Name with User-Entered Path ; Used in Netlist ; File Type                          ; File Name with Absolute Path                                                       ; Library ;
+----------------------------------+-----------------+------------------------------------+------------------------------------------------------------------------------------+---------+
; stateconverter.vhdl              ; yes             ; User VHDL File                     ; C:/Users/welly/Documents/GitHub/LT38A/pratica05/quartus/stateconverter.vhdl        ;         ;
; sevenSegDecoder.vhdl             ; yes             ; User VHDL File                     ; C:/Users/welly/Documents/GitHub/LT38A/pratica05/quartus/sevenSegDecoder.vhdl       ;         ;
; inib.vhdl                        ; yes             ; User VHDL File                     ; C:/Users/welly/Documents/GitHub/LT38A/pratica05/quartus/inib.vhdl                  ;         ;
; enable.vhdl                      ; yes             ; User VHDL File                     ; C:/Users/welly/Documents/GitHub/LT38A/pratica05/quartus/enable.vhdl                ;         ;
; display.vhdl                     ; yes             ; User VHDL File                     ; C:/Users/welly/Documents/GitHub/LT38A/pratica05/quartus/display.vhdl               ;         ;
; arquitetura.vhdl                 ; yes             ; User VHDL File                     ; C:/Users/welly/Documents/GitHub/LT38A/pratica05/quartus/arquitetura.vhdl           ;         ;
; atv05.bdf                        ; yes             ; User Block Diagram/Schematic File  ; C:/Users/welly/Documents/GitHub/LT38A/pratica05/quartus/atv05.bdf                  ;         ;
; lpm_divide.tdf                   ; yes             ; Megafunction                       ; c:/intelfpga_lite/17.0/quartus/libraries/megafunctions/lpm_divide.tdf              ;         ;
; abs_divider.inc                  ; yes             ; Megafunction                       ; c:/intelfpga_lite/17.0/quartus/libraries/megafunctions/abs_divider.inc             ;         ;
; sign_div_unsign.inc              ; yes             ; Megafunction                       ; c:/intelfpga_lite/17.0/quartus/libraries/megafunctions/sign_div_unsign.inc         ;         ;
; aglobal170.inc                   ; yes             ; Megafunction                       ; c:/intelfpga_lite/17.0/quartus/libraries/megafunctions/aglobal170.inc              ;         ;
; db/lpm_divide_o0p.tdf            ; yes             ; Auto-Generated Megafunction        ; C:/Users/welly/Documents/GitHub/LT38A/pratica05/quartus/db/lpm_divide_o0p.tdf      ;         ;
; db/abs_divider_jbg.tdf           ; yes             ; Auto-Generated Megafunction        ; C:/Users/welly/Documents/GitHub/LT38A/pratica05/quartus/db/abs_divider_jbg.tdf     ;         ;
; db/alt_u_div_47f.tdf             ; yes             ; Auto-Generated Megafunction        ; C:/Users/welly/Documents/GitHub/LT38A/pratica05/quartus/db/alt_u_div_47f.tdf       ;         ;
; db/add_sub_7pc.tdf               ; yes             ; Auto-Generated Megafunction        ; C:/Users/welly/Documents/GitHub/LT38A/pratica05/quartus/db/add_sub_7pc.tdf         ;         ;
; db/add_sub_8pc.tdf               ; yes             ; Auto-Generated Megafunction        ; C:/Users/welly/Documents/GitHub/LT38A/pratica05/quartus/db/add_sub_8pc.tdf         ;         ;
; db/lpm_abs_2v9.tdf               ; yes             ; Auto-Generated Megafunction        ; C:/Users/welly/Documents/GitHub/LT38A/pratica05/quartus/db/lpm_abs_2v9.tdf         ;         ;
; db/lpm_abs_h0a.tdf               ; yes             ; Auto-Generated Megafunction        ; C:/Users/welly/Documents/GitHub/LT38A/pratica05/quartus/db/lpm_abs_h0a.tdf         ;         ;
; db/lpm_divide_mhm.tdf            ; yes             ; Auto-Generated Megafunction        ; C:/Users/welly/Documents/GitHub/LT38A/pratica05/quartus/db/lpm_divide_mhm.tdf      ;         ;
; db/sign_div_unsign_ekh.tdf       ; yes             ; Auto-Generated Megafunction        ; C:/Users/welly/Documents/GitHub/LT38A/pratica05/quartus/db/sign_div_unsign_ekh.tdf ;         ;
; db/alt_u_div_g4f.tdf             ; yes             ; Auto-Generated Megafunction        ; C:/Users/welly/Documents/GitHub/LT38A/pratica05/quartus/db/alt_u_div_g4f.tdf       ;         ;
; lpm_mult.tdf                     ; yes             ; Megafunction                       ; c:/intelfpga_lite/17.0/quartus/libraries/megafunctions/lpm_mult.tdf                ;         ;
; lpm_add_sub.inc                  ; yes             ; Megafunction                       ; c:/intelfpga_lite/17.0/quartus/libraries/megafunctions/lpm_add_sub.inc             ;         ;
; multcore.inc                     ; yes             ; Megafunction                       ; c:/intelfpga_lite/17.0/quartus/libraries/megafunctions/multcore.inc                ;         ;
; bypassff.inc                     ; yes             ; Megafunction                       ; c:/intelfpga_lite/17.0/quartus/libraries/megafunctions/bypassff.inc                ;         ;
; altshift.inc                     ; yes             ; Megafunction                       ; c:/intelfpga_lite/17.0/quartus/libraries/megafunctions/altshift.inc                ;         ;
; multcore.tdf                     ; yes             ; Megafunction                       ; c:/intelfpga_lite/17.0/quartus/libraries/megafunctions/multcore.tdf                ;         ;
; csa_add.inc                      ; yes             ; Megafunction                       ; c:/intelfpga_lite/17.0/quartus/libraries/megafunctions/csa_add.inc                 ;         ;
; mpar_add.inc                     ; yes             ; Megafunction                       ; c:/intelfpga_lite/17.0/quartus/libraries/megafunctions/mpar_add.inc                ;         ;
; muleabz.inc                      ; yes             ; Megafunction                       ; c:/intelfpga_lite/17.0/quartus/libraries/megafunctions/muleabz.inc                 ;         ;
; mul_lfrg.inc                     ; yes             ; Megafunction                       ; c:/intelfpga_lite/17.0/quartus/libraries/megafunctions/mul_lfrg.inc                ;         ;
; mul_boothc.inc                   ; yes             ; Megafunction                       ; c:/intelfpga_lite/17.0/quartus/libraries/megafunctions/mul_boothc.inc              ;         ;
; alt_ded_mult.inc                 ; yes             ; Megafunction                       ; c:/intelfpga_lite/17.0/quartus/libraries/megafunctions/alt_ded_mult.inc            ;         ;
; alt_ded_mult_y.inc               ; yes             ; Megafunction                       ; c:/intelfpga_lite/17.0/quartus/libraries/megafunctions/alt_ded_mult_y.inc          ;         ;
; dffpipe.inc                      ; yes             ; Megafunction                       ; c:/intelfpga_lite/17.0/quartus/libraries/megafunctions/dffpipe.inc                 ;         ;
; mpar_add.tdf                     ; yes             ; Megafunction                       ; c:/intelfpga_lite/17.0/quartus/libraries/megafunctions/mpar_add.tdf                ;         ;
; altshift.tdf                     ; yes             ; Megafunction                       ; c:/intelfpga_lite/17.0/quartus/libraries/megafunctions/altshift.tdf                ;         ;
+----------------------------------+-----------------+------------------------------------+------------------------------------------------------------------------------------+---------+


+--------------------------------------------------------------+
; Analysis & Synthesis Resource Usage Summary                  ;
+---------------------------------------------+----------------+
; Resource                                    ; Usage          ;
+---------------------------------------------+----------------+
; Estimated Total logic elements              ; 315            ;
;                                             ;                ;
; Total combinational functions               ; 315            ;
; Logic element usage by number of LUT inputs ;                ;
;     -- 4 input functions                    ; 111            ;
;     -- 3 input functions                    ; 91             ;
;     -- <=2 input functions                  ; 113            ;
;                                             ;                ;
; Logic elements by mode                      ;                ;
;     -- normal mode                          ; 248            ;
;     -- arithmetic mode                      ; 67             ;
;                                             ;                ;
; Total registers                             ; 0              ;
;     -- Dedicated logic registers            ; 0              ;
;     -- I/O registers                        ; 0              ;
;                                             ;                ;
; I/O pins                                    ; 45             ;
;                                             ;                ;
; Embedded Multiplier 9-bit elements          ; 0              ;
;                                             ;                ;
; Maximum fan-out node                        ; inibicao~input ;
; Maximum fan-out                             ; 34             ;
; Total fan-out                               ; 995            ;
; Average fan-out                             ; 2.46           ;
+---------------------------------------------+----------------+


+---------------------------------------------------------------------------------------------------------------------------------------------------------------------------------------------------------------------------------------------------------------------------------------------------------------------------------------------------------+
; Analysis & Synthesis Resource Utilization by Entity                                                                                                                                                                                                                                                                                                     ;
+----------------------------------------------+---------------------+---------------------------+-------------+--------------+---------+-----------+------+--------------+------------------------------------------------------------------------------------------------------------------------------------------+---------------------+--------------+
; Compilation Hierarchy Node                   ; Combinational ALUTs ; Dedicated Logic Registers ; Memory Bits ; DSP Elements ; DSP 9x9 ; DSP 18x18 ; Pins ; Virtual Pins ; Full Hierarchy Name                                                                                                                      ; Entity Name         ; Library Name ;
+----------------------------------------------+---------------------+---------------------------+-------------+--------------+---------+-----------+------+--------------+------------------------------------------------------------------------------------------------------------------------------------------+---------------------+--------------+
; |atv05                                       ; 315 (0)             ; 0 (0)                     ; 0           ; 0            ; 0       ; 0         ; 45   ; 0            ; |atv05                                                                                                                                   ; atv05               ; work         ;
;    |arquitetura:inst|                        ; 315 (0)             ; 0 (0)                     ; 0           ; 0            ; 0       ; 0         ; 0    ; 0            ; |atv05|arquitetura:inst                                                                                                                  ; arquitetura         ; work         ;
;       |display:display0|                     ; 239 (58)            ; 0 (0)                     ; 0           ; 0            ; 0       ; 0         ; 0    ; 0            ; |atv05|arquitetura:inst|display:display0                                                                                                 ; display             ; work         ;
;          |lpm_divide:Div0|                   ; 26 (0)              ; 0 (0)                     ; 0           ; 0            ; 0       ; 0         ; 0    ; 0            ; |atv05|arquitetura:inst|display:display0|lpm_divide:Div0                                                                                 ; lpm_divide          ; work         ;
;             |lpm_divide_mhm:auto_generated|  ; 26 (0)              ; 0 (0)                     ; 0           ; 0            ; 0       ; 0         ; 0    ; 0            ; |atv05|arquitetura:inst|display:display0|lpm_divide:Div0|lpm_divide_mhm:auto_generated                                                   ; lpm_divide_mhm      ; work         ;
;                |sign_div_unsign_ekh:divider| ; 26 (0)              ; 0 (0)                     ; 0           ; 0            ; 0       ; 0         ; 0    ; 0            ; |atv05|arquitetura:inst|display:display0|lpm_divide:Div0|lpm_divide_mhm:auto_generated|sign_div_unsign_ekh:divider                       ; sign_div_unsign_ekh ; work         ;
;                   |alt_u_div_g4f:divider|    ; 26 (26)             ; 0 (0)                     ; 0           ; 0            ; 0       ; 0         ; 0    ; 0            ; |atv05|arquitetura:inst|display:display0|lpm_divide:Div0|lpm_divide_mhm:auto_generated|sign_div_unsign_ekh:divider|alt_u_div_g4f:divider ; alt_u_div_g4f       ; work         ;
;          |lpm_divide:Div1|                   ; 151 (0)             ; 0 (0)                     ; 0           ; 0            ; 0       ; 0         ; 0    ; 0            ; |atv05|arquitetura:inst|display:display0|lpm_divide:Div1                                                                                 ; lpm_divide          ; work         ;
;             |lpm_divide_o0p:auto_generated|  ; 151 (0)             ; 0 (0)                     ; 0           ; 0            ; 0       ; 0         ; 0    ; 0            ; |atv05|arquitetura:inst|display:display0|lpm_divide:Div1|lpm_divide_o0p:auto_generated                                                   ; lpm_divide_o0p      ; work         ;
;                |abs_divider_jbg:divider|     ; 151 (8)             ; 0 (0)                     ; 0           ; 0            ; 0       ; 0         ; 0    ; 0            ; |atv05|arquitetura:inst|display:display0|lpm_divide:Div1|lpm_divide_o0p:auto_generated|abs_divider_jbg:divider                           ; abs_divider_jbg     ; work         ;
;                   |alt_u_div_47f:divider|    ; 132 (132)           ; 0 (0)                     ; 0           ; 0            ; 0       ; 0         ; 0    ; 0            ; |atv05|arquitetura:inst|display:display0|lpm_divide:Div1|lpm_divide_o0p:auto_generated|abs_divider_jbg:divider|alt_u_div_47f:divider     ; alt_u_div_47f       ; work         ;
;                   |lpm_abs_h0a:my_abs_num|   ; 11 (11)             ; 0 (0)                     ; 0           ; 0            ; 0       ; 0         ; 0    ; 0            ; |atv05|arquitetura:inst|display:display0|lpm_divide:Div1|lpm_divide_o0p:auto_generated|abs_divider_jbg:divider|lpm_abs_h0a:my_abs_num    ; lpm_abs_h0a         ; work         ;
;          |lpm_mult:Mult0|                    ; 2 (0)               ; 0 (0)                     ; 0           ; 0            ; 0       ; 0         ; 0    ; 0            ; |atv05|arquitetura:inst|display:display0|lpm_mult:Mult0                                                                                  ; lpm_mult            ; work         ;
;             |multcore:mult_core|             ; 2 (2)               ; 0 (0)                     ; 0           ; 0            ; 0       ; 0         ; 0    ; 0            ; |atv05|arquitetura:inst|display:display0|lpm_mult:Mult0|multcore:mult_core                                                               ; multcore            ; work         ;
;          |sevenSegDecoder:ssdState|          ; 1 (1)               ; 0 (0)                     ; 0           ; 0            ; 0       ; 0         ; 0    ; 0            ; |atv05|arquitetura:inst|display:display0|sevenSegDecoder:ssdState                                                                        ; sevenSegDecoder     ; work         ;
;          |sevenSegDecoder:ssdTransition|     ; 1 (1)               ; 0 (0)                     ; 0           ; 0            ; 0       ; 0         ; 0    ; 0            ; |atv05|arquitetura:inst|display:display0|sevenSegDecoder:ssdTransition                                                                   ; sevenSegDecoder     ; work         ;
;       |enable:enable0|                       ; 8 (8)               ; 0 (0)                     ; 0           ; 0            ; 0       ; 0         ; 0    ; 0            ; |atv05|arquitetura:inst|enable:enable0                                                                                                   ; enable              ; work         ;
;       |inib:inib0|                           ; 32 (32)             ; 0 (0)                     ; 0           ; 0            ; 0       ; 0         ; 0    ; 0            ; |atv05|arquitetura:inst|inib:inib0                                                                                                       ; inib                ; work         ;
;       |stateConverter:stateConverter0|       ; 36 (36)             ; 0 (0)                     ; 0           ; 0            ; 0       ; 0         ; 0    ; 0            ; |atv05|arquitetura:inst|stateConverter:stateConverter0                                                                                   ; stateConverter      ; work         ;
+----------------------------------------------+---------------------+---------------------------+-------------+--------------+---------+-----------+------+--------------+------------------------------------------------------------------------------------------------------------------------------------------+---------------------+--------------+
Note: For table entries with two numbers listed, the numbers in parentheses indicate the number of resources of the given type used by the specific entity alone. The numbers listed outside of parentheses indicate the total resources of the given type used by the specific entity and all of its sub-entities in the hierarchy.


+---------------------------------------------------------------------------------------------------------+
; User-Specified and Inferred Latches                                                                     ;
+----------------------------------------------------------+---------------------+------------------------+
; Latch Name                                               ; Latch Enable Signal ; Free of Timing Hazards ;
+----------------------------------------------------------+---------------------+------------------------+
; arquitetura:inst|stateConverter:stateConverter0|state[0] ; GND                 ; yes                    ;
; arquitetura:inst|stateConverter:stateConverter0|state[1] ; GND                 ; yes                    ;
; arquitetura:inst|stateConverter:stateConverter0|state[2] ; GND                 ; yes                    ;
; arquitetura:inst|display:display0|ssTemp0[6]             ; GND                 ; yes                    ;
; arquitetura:inst|display:display0|ssTemp0[5]             ; GND                 ; yes                    ;
; arquitetura:inst|display:display0|ssTemp0[4]             ; GND                 ; yes                    ;
; arquitetura:inst|display:display0|ssTemp0[3]             ; GND                 ; yes                    ;
; arquitetura:inst|display:display0|ssTemp0[2]             ; GND                 ; yes                    ;
; arquitetura:inst|display:display0|ssTemp0[1]             ; GND                 ; yes                    ;
; arquitetura:inst|display:display0|ssTemp0[0]             ; GND                 ; yes                    ;
; arquitetura:inst|display:display0|ssTemp1[6]             ; GND                 ; yes                    ;
; arquitetura:inst|display:display0|ssTemp1[5]             ; GND                 ; yes                    ;
; arquitetura:inst|display:display0|ssTemp1[4]             ; GND                 ; yes                    ;
; arquitetura:inst|display:display0|ssTemp1[3]             ; GND                 ; yes                    ;
; arquitetura:inst|display:display0|ssTemp1[2]             ; GND                 ; yes                    ;
; arquitetura:inst|display:display0|ssTemp1[1]             ; GND                 ; yes                    ;
; arquitetura:inst|display:display0|ssTemp1[0]             ; GND                 ; yes                    ;
; Number of user-specified and inferred latches = 17       ;                     ;                        ;
+----------------------------------------------------------+---------------------+------------------------+
Note: All latches listed above may not be present at the end of synthesis due to various synthesis optimizations.


+------------------------------------------------------+
; General Register Statistics                          ;
+----------------------------------------------+-------+
; Statistic                                    ; Value ;
+----------------------------------------------+-------+
; Total registers                              ; 0     ;
; Number of registers using Synchronous Clear  ; 0     ;
; Number of registers using Synchronous Load   ; 0     ;
; Number of registers using Asynchronous Clear ; 0     ;
; Number of registers using Asynchronous Load  ; 0     ;
; Number of registers using Clock Enable       ; 0     ;
; Number of registers using Preset             ; 0     ;
+----------------------------------------------+-------+


+------------------------------------------------------------------------------------------------------------------------------------------------------------------------------------+
; Multiplexer Restructuring Statistics (Restructuring Performed)                                                                                                                     ;
+--------------------+-----------+---------------+----------------------+------------------------+------------+----------------------------------------------------------------------+
; Multiplexer Inputs ; Bus Width ; Baseline Area ; Area if Restructured ; Saving if Restructured ; Registered ; Example Multiplexer Output                                           ;
+--------------------+-----------+---------------+----------------------+------------------------+------------+----------------------------------------------------------------------+
; 3:1                ; 2 bits    ; 4 LEs         ; 4 LEs                ; 0 LEs                  ; No         ; |atv05|arquitetura:inst|stateConverter:stateConverter0|transition[0] ;
; 4:1                ; 3 bits    ; 6 LEs         ; 6 LEs                ; 0 LEs                  ; No         ; |atv05|arquitetura:inst|stateConverter:stateConverter0|state[1]      ;
; 5:1                ; 3 bits    ; 9 LEs         ; 6 LEs                ; 3 LEs                  ; No         ; |atv05|arquitetura:inst|display:display0|ssTemp0[6]                  ;
; 5:1                ; 3 bits    ; 9 LEs         ; 6 LEs                ; 3 LEs                  ; No         ; |atv05|arquitetura:inst|display:display0|ssTemp1[0]                  ;
; 5:1                ; 3 bits    ; 9 LEs         ; 6 LEs                ; 3 LEs                  ; No         ; |atv05|arquitetura:inst|display:display0|ssTemp2[0]                  ;
+--------------------+-----------+---------------+----------------------+------------------------+------------+----------------------------------------------------------------------+


+----------------------------------------------------------------------------------------------------+
; Parameter Settings for Inferred Entity Instance: arquitetura:inst|display:display0|lpm_divide:Div1 ;
+------------------------+----------------+----------------------------------------------------------+
; Parameter Name         ; Value          ; Type                                                     ;
+------------------------+----------------+----------------------------------------------------------+
; LPM_WIDTHN             ; 13             ; Untyped                                                  ;
; LPM_WIDTHD             ; 5              ; Untyped                                                  ;
; LPM_NREPRESENTATION    ; SIGNED         ; Untyped                                                  ;
; LPM_DREPRESENTATION    ; SIGNED         ; Untyped                                                  ;
; LPM_PIPELINE           ; 0              ; Untyped                                                  ;
; LPM_REMAINDERPOSITIVE  ; FALSE          ; Untyped                                                  ;
; MAXIMIZE_SPEED         ; 5              ; Untyped                                                  ;
; CBXI_PARAMETER         ; lpm_divide_o0p ; Untyped                                                  ;
; CARRY_CHAIN            ; MANUAL         ; Untyped                                                  ;
; OPTIMIZE_FOR_SPEED     ; 5              ; Untyped                                                  ;
; AUTO_CARRY_CHAINS      ; ON             ; AUTO_CARRY                                               ;
; IGNORE_CARRY_BUFFERS   ; OFF            ; IGNORE_CARRY                                             ;
; AUTO_CASCADE_CHAINS    ; ON             ; AUTO_CASCADE                                             ;
; IGNORE_CASCADE_BUFFERS ; OFF            ; IGNORE_CASCADE                                           ;
+------------------------+----------------+----------------------------------------------------------+
Note: In order to hide this table in the UI and the text report file, please set the "Show Parameter Settings in Synthesis Report" option in "Analysis and Synthesis Settings -> More Settings" to "Off".


+----------------------------------------------------------------------------------------------------+
; Parameter Settings for Inferred Entity Instance: arquitetura:inst|display:display0|lpm_divide:Div0 ;
+------------------------+----------------+----------------------------------------------------------+
; Parameter Name         ; Value          ; Type                                                     ;
+------------------------+----------------+----------------------------------------------------------+
; LPM_WIDTHN             ; 8              ; Untyped                                                  ;
; LPM_WIDTHD             ; 7              ; Untyped                                                  ;
; LPM_NREPRESENTATION    ; UNSIGNED       ; Untyped                                                  ;
; LPM_DREPRESENTATION    ; UNSIGNED       ; Untyped                                                  ;
; LPM_PIPELINE           ; 0              ; Untyped                                                  ;
; LPM_REMAINDERPOSITIVE  ; TRUE           ; Untyped                                                  ;
; MAXIMIZE_SPEED         ; 5              ; Untyped                                                  ;
; CBXI_PARAMETER         ; lpm_divide_mhm ; Untyped                                                  ;
; CARRY_CHAIN            ; MANUAL         ; Untyped                                                  ;
; OPTIMIZE_FOR_SPEED     ; 5              ; Untyped                                                  ;
; AUTO_CARRY_CHAINS      ; ON             ; AUTO_CARRY                                               ;
; IGNORE_CARRY_BUFFERS   ; OFF            ; IGNORE_CARRY                                             ;
; AUTO_CASCADE_CHAINS    ; ON             ; AUTO_CASCADE                                             ;
; IGNORE_CASCADE_BUFFERS ; OFF            ; IGNORE_CASCADE                                           ;
+------------------------+----------------+----------------------------------------------------------+
Note: In order to hide this table in the UI and the text report file, please set the "Show Parameter Settings in Synthesis Report" option in "Analysis and Synthesis Settings -> More Settings" to "Off".


+---------------------------------------------------------------------------------------------------+
; Parameter Settings for Inferred Entity Instance: arquitetura:inst|display:display0|lpm_mult:Mult0 ;
+------------------------------------------------+--------------+-----------------------------------+
; Parameter Name                                 ; Value        ; Type                              ;
+------------------------------------------------+--------------+-----------------------------------+
; AUTO_CARRY_CHAINS                              ; ON           ; AUTO_CARRY                        ;
; IGNORE_CARRY_BUFFERS                           ; OFF          ; IGNORE_CARRY                      ;
; AUTO_CASCADE_CHAINS                            ; ON           ; AUTO_CASCADE                      ;
; IGNORE_CASCADE_BUFFERS                         ; OFF          ; IGNORE_CASCADE                    ;
; LPM_WIDTHA                                     ; 4            ; Untyped                           ;
; LPM_WIDTHB                                     ; 7            ; Untyped                           ;
; LPM_WIDTHP                                     ; 11           ; Untyped                           ;
; LPM_WIDTHR                                     ; 11           ; Untyped                           ;
; LPM_WIDTHS                                     ; 1            ; Untyped                           ;
; LPM_REPRESENTATION                             ; UNSIGNED     ; Untyped                           ;
; LPM_PIPELINE                                   ; 0            ; Untyped                           ;
; LATENCY                                        ; 0            ; Untyped                           ;
; INPUT_A_IS_CONSTANT                            ; NO           ; Untyped                           ;
; INPUT_B_IS_CONSTANT                            ; YES          ; Untyped                           ;
; USE_EAB                                        ; OFF          ; Untyped                           ;
; MAXIMIZE_SPEED                                 ; 5            ; Untyped                           ;
; DEVICE_FAMILY                                  ; Cyclone IV E ; Untyped                           ;
; CARRY_CHAIN                                    ; MANUAL       ; Untyped                           ;
; APEX20K_TECHNOLOGY_MAPPER                      ; LUT          ; TECH_MAPPER_APEX20K               ;
; DEDICATED_MULTIPLIER_CIRCUITRY                 ; AUTO         ; Untyped                           ;
; DEDICATED_MULTIPLIER_MIN_INPUT_WIDTH_FOR_AUTO  ; 0            ; Untyped                           ;
; DEDICATED_MULTIPLIER_MIN_OUTPUT_WIDTH_FOR_AUTO ; 0            ; Untyped                           ;
; CBXI_PARAMETER                                 ; NOTHING      ; Untyped                           ;
; INPUT_A_FIXED_VALUE                            ; Bx           ; Untyped                           ;
; INPUT_B_FIXED_VALUE                            ; Bx           ; Untyped                           ;
; USE_AHDL_IMPLEMENTATION                        ; OFF          ; Untyped                           ;
+------------------------------------------------+--------------+-----------------------------------+
Note: In order to hide this table in the UI and the text report file, please set the "Show Parameter Settings in Synthesis Report" option in "Analysis and Synthesis Settings -> More Settings" to "Off".


+------------------------------------------------------------------------------------------+
; lpm_mult Parameter Settings by Entity Instance                                           ;
+---------------------------------------+--------------------------------------------------+
; Name                                  ; Value                                            ;
+---------------------------------------+--------------------------------------------------+
; Number of entity instances            ; 1                                                ;
; Entity Instance                       ; arquitetura:inst|display:display0|lpm_mult:Mult0 ;
;     -- LPM_WIDTHA                     ; 4                                                ;
;     -- LPM_WIDTHB                     ; 7                                                ;
;     -- LPM_WIDTHP                     ; 11                                               ;
;     -- LPM_REPRESENTATION             ; UNSIGNED                                         ;
;     -- INPUT_A_IS_CONSTANT            ; NO                                               ;
;     -- INPUT_B_IS_CONSTANT            ; YES                                              ;
;     -- USE_EAB                        ; OFF                                              ;
;     -- DEDICATED_MULTIPLIER_CIRCUITRY ; AUTO                                             ;
;     -- INPUT_A_FIXED_VALUE            ; Bx                                               ;
;     -- INPUT_B_FIXED_VALUE            ; Bx                                               ;
+---------------------------------------+--------------------------------------------------+


+---------------------------------------------------------------------------------------------+
; Port Connectivity Checks: "arquitetura:inst|display:display0|sevenSegDecoder:ssdTransition" ;
+---------+-------+----------+----------------------------------------------------------------+
; Port    ; Type  ; Severity ; Details                                                        ;
+---------+-------+----------+----------------------------------------------------------------+
; data[3] ; Input ; Info     ; Stuck at GND                                                   ;
+---------+-------+----------+----------------------------------------------------------------+


+----------------------------------------------------------------------------------------+
; Port Connectivity Checks: "arquitetura:inst|display:display0|sevenSegDecoder:ssdState" ;
+---------+-------+----------+-----------------------------------------------------------+
; Port    ; Type  ; Severity ; Details                                                   ;
+---------+-------+----------+-----------------------------------------------------------+
; data[3] ; Input ; Info     ; Stuck at GND                                              ;
+---------+-------+----------+-----------------------------------------------------------+


+-----------------------------------------------------+
; Post-Synthesis Netlist Statistics for Top Partition ;
+-----------------------+-----------------------------+
; Type                  ; Count                       ;
+-----------------------+-----------------------------+
; boundary_port         ; 45                          ;
; cycloneiii_lcell_comb ; 316                         ;
;     arith             ; 67                          ;
;         1 data inputs ; 3                           ;
;         2 data inputs ; 9                           ;
;         3 data inputs ; 55                          ;
;     normal            ; 249                         ;
;         0 data inputs ; 12                          ;
;         1 data inputs ; 2                           ;
;         2 data inputs ; 88                          ;
;         3 data inputs ; 36                          ;
;         4 data inputs ; 111                         ;
;                       ;                             ;
; Max LUT depth         ; 39.10                       ;
; Average LUT depth     ; 30.51                       ;
+-----------------------+-----------------------------+


+-------------------------------+
; Elapsed Time Per Partition    ;
+----------------+--------------+
; Partition Name ; Elapsed Time ;
+----------------+--------------+
; Top            ; 00:00:01     ;
+----------------+--------------+


+-------------------------------+
; Analysis & Synthesis Messages ;
+-------------------------------+
Info: *******************************************************************
Info: Running Quartus Prime Analysis & Synthesis
    Info: Version 17.0.0 Build 595 04/25/2017 SJ Lite Edition
    Info: Processing started: Mon Dec 04 22:45:22 2023
Info: Command: quartus_map --read_settings_files=on --write_settings_files=off atv05 -c atv05
Warning (18236): Number of processors has not been specified which may cause overloading on shared machines.  Set the global assignment NUM_PARALLEL_PROCESSORS in your QSF to an appropriate value for best performance.
Info (20030): Parallel compilation is enabled and will use 6 of the 6 processors detected
Info (12021): Found 2 design units, including 1 entities, in source file stateconverter.vhdl
    Info (12022): Found design unit 1: stateConverter-behavior File: C:/Users/welly/Documents/GitHub/LT38A/pratica05/quartus/stateconverter.vhdl Line: 9
    Info (12023): Found entity 1: stateConverter File: C:/Users/welly/Documents/GitHub/LT38A/pratica05/quartus/stateconverter.vhdl Line: 1
Info (12021): Found 2 design units, including 1 entities, in source file sevensegdecoder.vhdl
    Info (12022): Found design unit 1: sevenSegDecoder-behavior File: C:/Users/welly/Documents/GitHub/LT38A/pratica05/quartus/sevenSegDecoder.vhdl Line: 8
    Info (12023): Found entity 1: sevenSegDecoder File: C:/Users/welly/Documents/GitHub/LT38A/pratica05/quartus/sevenSegDecoder.vhdl Line: 1
Info (12021): Found 2 design units, including 1 entities, in source file inib.vhdl
    Info (12022): Found design unit 1: inib-behavior File: C:/Users/welly/Documents/GitHub/LT38A/pratica05/quartus/inib.vhdl Line: 11
    Info (12023): Found entity 1: inib File: C:/Users/welly/Documents/GitHub/LT38A/pratica05/quartus/inib.vhdl Line: 1
Info (12021): Found 2 design units, including 1 entities, in source file enable.vhdl
    Info (12022): Found design unit 1: enable-behavior File: C:/Users/welly/Documents/GitHub/LT38A/pratica05/quartus/enable.vhdl Line: 9
    Info (12023): Found entity 1: enable File: C:/Users/welly/Documents/GitHub/LT38A/pratica05/quartus/enable.vhdl Line: 1
Info (12021): Found 2 design units, including 1 entities, in source file display.vhdl
    Info (12022): Found design unit 1: display-behavior File: C:/Users/welly/Documents/GitHub/LT38A/pratica05/quartus/display.vhdl Line: 15
    Info (12023): Found entity 1: display File: C:/Users/welly/Documents/GitHub/LT38A/pratica05/quartus/display.vhdl Line: 5
Info (12021): Found 2 design units, including 1 entities, in source file arquitetura.vhdl
    Info (12022): Found design unit 1: arquitetura-behavior File: C:/Users/welly/Documents/GitHub/LT38A/pratica05/quartus/arquitetura.vhdl Line: 14
    Info (12023): Found entity 1: arquitetura File: C:/Users/welly/Documents/GitHub/LT38A/pratica05/quartus/arquitetura.vhdl Line: 1
Info (12021): Found 1 design units, including 1 entities, in source file atv05.bdf
    Info (12023): Found entity 1: atv05
Info (12127): Elaborating entity "atv05" for the top level hierarchy
Info (12128): Elaborating entity "arquitetura" for hierarchy "arquitetura:inst"
Info (12128): Elaborating entity "enable" for hierarchy "arquitetura:inst|enable:enable0" File: C:/Users/welly/Documents/GitHub/LT38A/pratica05/quartus/arquitetura.vhdl Line: 62
Info (12128): Elaborating entity "stateConverter" for hierarchy "arquitetura:inst|stateConverter:stateConverter0" File: C:/Users/welly/Documents/GitHub/LT38A/pratica05/quartus/arquitetura.vhdl Line: 63
Info (10041): Inferred latch for "state[0]" at stateconverter.vhdl(13) File: C:/Users/welly/Documents/GitHub/LT38A/pratica05/quartus/stateconverter.vhdl Line: 13
Info (10041): Inferred latch for "state[1]" at stateconverter.vhdl(13) File: C:/Users/welly/Documents/GitHub/LT38A/pratica05/quartus/stateconverter.vhdl Line: 13
Info (10041): Inferred latch for "state[2]" at stateconverter.vhdl(13) File: C:/Users/welly/Documents/GitHub/LT38A/pratica05/quartus/stateconverter.vhdl Line: 13
Info (12128): Elaborating entity "display" for hierarchy "arquitetura:inst|display:display0" File: C:/Users/welly/Documents/GitHub/LT38A/pratica05/quartus/arquitetura.vhdl Line: 64
Info (10041): Inferred latch for "ssTemp0[0]" at display.vhdl(70) File: C:/Users/welly/Documents/GitHub/LT38A/pratica05/quartus/display.vhdl Line: 70
Info (10041): Inferred latch for "ssTemp0[1]" at display.vhdl(70) File: C:/Users/welly/Documents/GitHub/LT38A/pratica05/quartus/display.vhdl Line: 70
Info (10041): Inferred latch for "ssTemp0[2]" at display.vhdl(70) File: C:/Users/welly/Documents/GitHub/LT38A/pratica05/quartus/display.vhdl Line: 70
Info (10041): Inferred latch for "ssTemp0[3]" at display.vhdl(70) File: C:/Users/welly/Documents/GitHub/LT38A/pratica05/quartus/display.vhdl Line: 70
Info (10041): Inferred latch for "ssTemp0[4]" at display.vhdl(70) File: C:/Users/welly/Documents/GitHub/LT38A/pratica05/quartus/display.vhdl Line: 70
Info (10041): Inferred latch for "ssTemp0[5]" at display.vhdl(70) File: C:/Users/welly/Documents/GitHub/LT38A/pratica05/quartus/display.vhdl Line: 70
Info (10041): Inferred latch for "ssTemp0[6]" at display.vhdl(70) File: C:/Users/welly/Documents/GitHub/LT38A/pratica05/quartus/display.vhdl Line: 70
Info (10041): Inferred latch for "ssTemp1[0]" at display.vhdl(59) File: C:/Users/welly/Documents/GitHub/LT38A/pratica05/quartus/display.vhdl Line: 59
Info (10041): Inferred latch for "ssTemp1[1]" at display.vhdl(59) File: C:/Users/welly/Documents/GitHub/LT38A/pratica05/quartus/display.vhdl Line: 59
Info (10041): Inferred latch for "ssTemp1[2]" at display.vhdl(59) File: C:/Users/welly/Documents/GitHub/LT38A/pratica05/quartus/display.vhdl Line: 59
Info (10041): Inferred latch for "ssTemp1[3]" at display.vhdl(59) File: C:/Users/welly/Documents/GitHub/LT38A/pratica05/quartus/display.vhdl Line: 59
Info (10041): Inferred latch for "ssTemp1[4]" at display.vhdl(59) File: C:/Users/welly/Documents/GitHub/LT38A/pratica05/quartus/display.vhdl Line: 59
Info (10041): Inferred latch for "ssTemp1[5]" at display.vhdl(59) File: C:/Users/welly/Documents/GitHub/LT38A/pratica05/quartus/display.vhdl Line: 59
Info (10041): Inferred latch for "ssTemp1[6]" at display.vhdl(59) File: C:/Users/welly/Documents/GitHub/LT38A/pratica05/quartus/display.vhdl Line: 59
Info (10041): Inferred latch for "ssTemp2[0]" at display.vhdl(48) File: C:/Users/welly/Documents/GitHub/LT38A/pratica05/quartus/display.vhdl Line: 48
Info (10041): Inferred latch for "ssTemp2[1]" at display.vhdl(48) File: C:/Users/welly/Documents/GitHub/LT38A/pratica05/quartus/display.vhdl Line: 48
Info (10041): Inferred latch for "ssTemp2[2]" at display.vhdl(48) File: C:/Users/welly/Documents/GitHub/LT38A/pratica05/quartus/display.vhdl Line: 48
Info (10041): Inferred latch for "ssTemp2[3]" at display.vhdl(48) File: C:/Users/welly/Documents/GitHub/LT38A/pratica05/quartus/display.vhdl Line: 48
Info (10041): Inferred latch for "ssTemp2[4]" at display.vhdl(48) File: C:/Users/welly/Documents/GitHub/LT38A/pratica05/quartus/display.vhdl Line: 48
Info (10041): Inferred latch for "ssTemp2[5]" at display.vhdl(48) File: C:/Users/welly/Documents/GitHub/LT38A/pratica05/quartus/display.vhdl Line: 48
Info (10041): Inferred latch for "ssTemp2[6]" at display.vhdl(48) File: C:/Users/welly/Documents/GitHub/LT38A/pratica05/quartus/display.vhdl Line: 48
Info (12128): Elaborating entity "sevenSegDecoder" for hierarchy "arquitetura:inst|display:display0|sevenSegDecoder:ssdState" File: C:/Users/welly/Documents/GitHub/LT38A/pratica05/quartus/display.vhdl Line: 37
Info (12128): Elaborating entity "inib" for hierarchy "arquitetura:inst|inib:inib0" File: C:/Users/welly/Documents/GitHub/LT38A/pratica05/quartus/arquitetura.vhdl Line: 65
Info (278001): Inferred 3 megafunctions from design logic
    Info (278004): Inferred divider/modulo megafunction ("lpm_divide") from the following logic: "arquitetura:inst|display:display0|Div1" File: C:/Users/welly/Documents/GitHub/LT38A/pratica05/quartus/display.vhdl Line: 45
    Info (278004): Inferred divider/modulo megafunction ("lpm_divide") from the following logic: "arquitetura:inst|display:display0|Div0" File: C:/Users/welly/Documents/GitHub/LT38A/pratica05/quartus/display.vhdl Line: 44
    Info (278003): Inferred multiplier megafunction ("lpm_mult") from the following logic: "arquitetura:inst|display:display0|Mult0" File: C:/Users/welly/Documents/GitHub/LT38A/pratica05/quartus/display.vhdl Line: 46
Info (12130): Elaborated megafunction instantiation "arquitetura:inst|display:display0|lpm_divide:Div1" File: C:/Users/welly/Documents/GitHub/LT38A/pratica05/quartus/display.vhdl Line: 45
Info (12133): Instantiated megafunction "arquitetura:inst|display:display0|lpm_divide:Div1" with the following parameter: File: C:/Users/welly/Documents/GitHub/LT38A/pratica05/quartus/display.vhdl Line: 45
    Info (12134): Parameter "LPM_WIDTHN" = "13"
    Info (12134): Parameter "LPM_WIDTHD" = "5"
    Info (12134): Parameter "LPM_NREPRESENTATION" = "SIGNED"
    Info (12134): Parameter "LPM_DREPRESENTATION" = "SIGNED"
    Info (12134): Parameter "LPM_HINT" = "LPM_REMAINDERPOSITIVE=FALSE"
Info (12021): Found 1 design units, including 1 entities, in source file db/lpm_divide_o0p.tdf
    Info (12023): Found entity 1: lpm_divide_o0p File: C:/Users/welly/Documents/GitHub/LT38A/pratica05/quartus/db/lpm_divide_o0p.tdf Line: 25
Info (12021): Found 1 design units, including 1 entities, in source file db/abs_divider_jbg.tdf
    Info (12023): Found entity 1: abs_divider_jbg File: C:/Users/welly/Documents/GitHub/LT38A/pratica05/quartus/db/abs_divider_jbg.tdf Line: 29
Info (12021): Found 1 design units, including 1 entities, in source file db/alt_u_div_47f.tdf
    Info (12023): Found entity 1: alt_u_div_47f File: C:/Users/welly/Documents/GitHub/LT38A/pratica05/quartus/db/alt_u_div_47f.tdf Line: 27
Info (12021): Found 1 design units, including 1 entities, in source file db/add_sub_7pc.tdf
    Info (12023): Found entity 1: add_sub_7pc File: C:/Users/welly/Documents/GitHub/LT38A/pratica05/quartus/db/add_sub_7pc.tdf Line: 23
Info (12021): Found 1 design units, including 1 entities, in source file db/add_sub_8pc.tdf
    Info (12023): Found entity 1: add_sub_8pc File: C:/Users/welly/Documents/GitHub/LT38A/pratica05/quartus/db/add_sub_8pc.tdf Line: 23
Info (12021): Found 1 design units, including 1 entities, in source file db/lpm_abs_2v9.tdf
    Info (12023): Found entity 1: lpm_abs_2v9 File: C:/Users/welly/Documents/GitHub/LT38A/pratica05/quartus/db/lpm_abs_2v9.tdf Line: 25
Info (12021): Found 1 design units, including 1 entities, in source file db/lpm_abs_h0a.tdf
    Info (12023): Found entity 1: lpm_abs_h0a File: C:/Users/welly/Documents/GitHub/LT38A/pratica05/quartus/db/lpm_abs_h0a.tdf Line: 25
Info (12130): Elaborated megafunction instantiation "arquitetura:inst|display:display0|lpm_divide:Div0" File: C:/Users/welly/Documents/GitHub/LT38A/pratica05/quartus/display.vhdl Line: 44
Info (12133): Instantiated megafunction "arquitetura:inst|display:display0|lpm_divide:Div0" with the following parameter: File: C:/Users/welly/Documents/GitHub/LT38A/pratica05/quartus/display.vhdl Line: 44
    Info (12134): Parameter "LPM_WIDTHN" = "8"
    Info (12134): Parameter "LPM_WIDTHD" = "7"
    Info (12134): Parameter "LPM_NREPRESENTATION" = "UNSIGNED"
    Info (12134): Parameter "LPM_DREPRESENTATION" = "UNSIGNED"
Info (12021): Found 1 design units, including 1 entities, in source file db/lpm_divide_mhm.tdf
    Info (12023): Found entity 1: lpm_divide_mhm File: C:/Users/welly/Documents/GitHub/LT38A/pratica05/quartus/db/lpm_divide_mhm.tdf Line: 25
Info (12021): Found 1 design units, including 1 entities, in source file db/sign_div_unsign_ekh.tdf
    Info (12023): Found entity 1: sign_div_unsign_ekh File: C:/Users/welly/Documents/GitHub/LT38A/pratica05/quartus/db/sign_div_unsign_ekh.tdf Line: 25
Info (12021): Found 1 design units, including 1 entities, in source file db/alt_u_div_g4f.tdf
    Info (12023): Found entity 1: alt_u_div_g4f File: C:/Users/welly/Documents/GitHub/LT38A/pratica05/quartus/db/alt_u_div_g4f.tdf Line: 27
Info (12130): Elaborated megafunction instantiation "arquitetura:inst|display:display0|lpm_mult:Mult0" File: C:/Users/welly/Documents/GitHub/LT38A/pratica05/quartus/display.vhdl Line: 46
Info (12133): Instantiated megafunction "arquitetura:inst|display:display0|lpm_mult:Mult0" with the following parameter: File: C:/Users/welly/Documents/GitHub/LT38A/pratica05/quartus/display.vhdl Line: 46
    Info (12134): Parameter "LPM_WIDTHA" = "4"
    Info (12134): Parameter "LPM_WIDTHB" = "7"
    Info (12134): Parameter "LPM_WIDTHP" = "11"
    Info (12134): Parameter "LPM_WIDTHR" = "11"
    Info (12134): Parameter "LPM_WIDTHS" = "1"
    Info (12134): Parameter "LPM_REPRESENTATION" = "UNSIGNED"
    Info (12134): Parameter "INPUT_A_IS_CONSTANT" = "NO"
    Info (12134): Parameter "INPUT_B_IS_CONSTANT" = "YES"
    Info (12134): Parameter "MAXIMIZE_SPEED" = "5"
Info (12131): Elaborated megafunction instantiation "arquitetura:inst|display:display0|lpm_mult:Mult0|multcore:mult_core", which is child of megafunction instantiation "arquitetura:inst|display:display0|lpm_mult:Mult0" File: c:/intelfpga_lite/17.0/quartus/libraries/megafunctions/lpm_mult.tdf Line: 309
Info (12131): Elaborated megafunction instantiation "arquitetura:inst|display:display0|lpm_mult:Mult0|multcore:mult_core|mpar_add:padder", which is child of megafunction instantiation "arquitetura:inst|display:display0|lpm_mult:Mult0" File: c:/intelfpga_lite/17.0/quartus/libraries/megafunctions/multcore.tdf Line: 229
Info (12131): Elaborated megafunction instantiation "arquitetura:inst|display:display0|lpm_mult:Mult0|altshift:external_latency_ffs", which is child of megafunction instantiation "arquitetura:inst|display:display0|lpm_mult:Mult0" File: c:/intelfpga_lite/17.0/quartus/libraries/megafunctions/lpm_mult.tdf Line: 352
Info (13014): Ignored 11 buffer(s)
    Info (13016): Ignored 11 CARRY_SUM buffer(s)
Info (286030): Timing-Driven Synthesis is running
Info (16010): Generating hard_block partition "hard_block:auto_generated_inst"
    Info (16011): Adding 0 node(s), including 0 DDIO, 0 PLL, 0 transceiver and 0 LCELL
Info (21057): Implemented 360 device resources after synthesis - the final resource count might be different
    Info (21058): Implemented 10 input pins
    Info (21059): Implemented 35 output pins
    Info (21061): Implemented 315 logic cells
Info: Quartus Prime Analysis & Synthesis was successful. 0 errors, 1 warning
    Info: Peak virtual memory: 4809 megabytes
    Info: Processing ended: Mon Dec 04 22:45:35 2023
    Info: Elapsed time: 00:00:13
    Info: Total CPU time (on all processors): 00:00:15


