Analysis & Synthesis report for proj1
Mon Nov 20 21:04:32 2023
Quartus Prime Version 17.0.0 Build 595 04/25/2017 SJ Lite Edition


---------------------
; Table of Contents ;
---------------------
  1. Legal Notice
  2. Analysis & Synthesis Summary
  3. Analysis & Synthesis Settings
  4. Parallel Compilation
  5. Analysis & Synthesis Source Files Read
  6. Analysis & Synthesis Resource Usage Summary
  7. Analysis & Synthesis Resource Utilization by Entity
  8. General Register Statistics
  9. Port Connectivity Checks: "successiveSubtraction:inst|incrementer:inc|halfAdder:\loop1:6:ha"
 10. Port Connectivity Checks: "successiveSubtraction:inst|incrementer:inc|halfAdder:ha0"
 11. Port Connectivity Checks: "successiveSubtraction:inst|sevenBitsSub:sbs|fullSubtractor:\G1:6:fs"
 12. Port Connectivity Checks: "successiveSubtraction:inst|sevenBitsComp:sbc|fullComparator:\G1:6:fullComp"
 13. Post-Synthesis Netlist Statistics for Top Partition
 14. Elapsed Time Per Partition
 15. Analysis & Synthesis Messages



----------------
; Legal Notice ;
----------------
Copyright (C) 2017  Intel Corporation. All rights reserved.
Your use of Intel Corporation's design tools, logic functions 
and other software and tools, and its AMPP partner logic 
functions, and any output files from any of the foregoing 
(including device programming or simulation files), and any 
associated documentation or information are expressly subject 
to the terms and conditions of the Intel Program License 
Subscription Agreement, the Intel Quartus Prime License Agreement,
the Intel MegaCore Function License Agreement, or other 
applicable license agreement, including, without limitation, 
that your use is for the sole purpose of programming logic 
devices manufactured by Intel and sold by Intel or its 
authorized distributors.  Please refer to the applicable 
agreement for further details.



+----------------------------------------------------------------------------------+
; Analysis & Synthesis Summary                                                     ;
+------------------------------------+---------------------------------------------+
; Analysis & Synthesis Status        ; Successful - Mon Nov 20 21:04:32 2023       ;
; Quartus Prime Version              ; 17.0.0 Build 595 04/25/2017 SJ Lite Edition ;
; Revision Name                      ; proj1                                       ;
; Top-level Entity Name              ; testSuccessiveSubtraction                   ;
; Family                             ; Cyclone IV E                                ;
; Total logic elements               ; 28                                          ;
;     Total combinational functions  ; 28                                          ;
;     Dedicated logic registers      ; 0                                           ;
; Total registers                    ; 0                                           ;
; Total pins                         ; 35                                          ;
; Total virtual pins                 ; 0                                           ;
; Total memory bits                  ; 0                                           ;
; Embedded Multiplier 9-bit elements ; 0                                           ;
; Total PLLs                         ; 0                                           ;
+------------------------------------+---------------------------------------------+


+-----------------------------------------------------------------------------------------------------------------------------+
; Analysis & Synthesis Settings                                                                                               ;
+----------------------------------------------------------------------------+---------------------------+--------------------+
; Option                                                                     ; Setting                   ; Default Value      ;
+----------------------------------------------------------------------------+---------------------------+--------------------+
; Device                                                                     ; EP4CE115F29C7             ;                    ;
; Top-level entity name                                                      ; testSuccessiveSubtraction ; proj1              ;
; Family name                                                                ; Cyclone IV E              ; Cyclone V          ;
; Use smart compilation                                                      ; Off                       ; Off                ;
; Enable parallel Assembler and TimeQuest Timing Analyzer during compilation ; On                        ; On                 ;
; Enable compact report table                                                ; Off                       ; Off                ;
; Restructure Multiplexers                                                   ; Auto                      ; Auto               ;
; Create Debugging Nodes for IP Cores                                        ; Off                       ; Off                ;
; Preserve fewer node names                                                  ; On                        ; On                 ;
; OpenCore Plus hardware evaluation                                          ; Enable                    ; Enable             ;
; Verilog Version                                                            ; Verilog_2001              ; Verilog_2001       ;
; VHDL Version                                                               ; VHDL_1993                 ; VHDL_1993          ;
; State Machine Processing                                                   ; Auto                      ; Auto               ;
; Safe State Machine                                                         ; Off                       ; Off                ;
; Extract Verilog State Machines                                             ; On                        ; On                 ;
; Extract VHDL State Machines                                                ; On                        ; On                 ;
; Ignore Verilog initial constructs                                          ; Off                       ; Off                ;
; Iteration limit for constant Verilog loops                                 ; 5000                      ; 5000               ;
; Iteration limit for non-constant Verilog loops                             ; 250                       ; 250                ;
; Add Pass-Through Logic to Inferred RAMs                                    ; On                        ; On                 ;
; Infer RAMs from Raw Logic                                                  ; On                        ; On                 ;
; Parallel Synthesis                                                         ; On                        ; On                 ;
; DSP Block Balancing                                                        ; Auto                      ; Auto               ;
; NOT Gate Push-Back                                                         ; On                        ; On                 ;
; Power-Up Don't Care                                                        ; On                        ; On                 ;
; Remove Redundant Logic Cells                                               ; Off                       ; Off                ;
; Remove Duplicate Registers                                                 ; On                        ; On                 ;
; Ignore CARRY Buffers                                                       ; Off                       ; Off                ;
; Ignore CASCADE Buffers                                                     ; Off                       ; Off                ;
; Ignore GLOBAL Buffers                                                      ; Off                       ; Off                ;
; Ignore ROW GLOBAL Buffers                                                  ; Off                       ; Off                ;
; Ignore LCELL Buffers                                                       ; Off                       ; Off                ;
; Ignore SOFT Buffers                                                        ; On                        ; On                 ;
; Limit AHDL Integers to 32 Bits                                             ; Off                       ; Off                ;
; Optimization Technique                                                     ; Balanced                  ; Balanced           ;
; Carry Chain Length                                                         ; 70                        ; 70                 ;
; Auto Carry Chains                                                          ; On                        ; On                 ;
; Auto Open-Drain Pins                                                       ; On                        ; On                 ;
; Perform WYSIWYG Primitive Resynthesis                                      ; Off                       ; Off                ;
; Auto ROM Replacement                                                       ; On                        ; On                 ;
; Auto RAM Replacement                                                       ; On                        ; On                 ;
; Auto DSP Block Replacement                                                 ; On                        ; On                 ;
; Auto Shift Register Replacement                                            ; Auto                      ; Auto               ;
; Allow Shift Register Merging across Hierarchies                            ; Auto                      ; Auto               ;
; Auto Clock Enable Replacement                                              ; On                        ; On                 ;
; Strict RAM Replacement                                                     ; Off                       ; Off                ;
; Allow Synchronous Control Signals                                          ; On                        ; On                 ;
; Force Use of Synchronous Clear Signals                                     ; Off                       ; Off                ;
; Auto RAM Block Balancing                                                   ; On                        ; On                 ;
; Auto RAM to Logic Cell Conversion                                          ; Off                       ; Off                ;
; Auto Resource Sharing                                                      ; Off                       ; Off                ;
; Allow Any RAM Size For Recognition                                         ; Off                       ; Off                ;
; Allow Any ROM Size For Recognition                                         ; Off                       ; Off                ;
; Allow Any Shift Register Size For Recognition                              ; Off                       ; Off                ;
; Use LogicLock Constraints during Resource Balancing                        ; On                        ; On                 ;
; Ignore translate_off and synthesis_off directives                          ; Off                       ; Off                ;
; Timing-Driven Synthesis                                                    ; On                        ; On                 ;
; Report Parameter Settings                                                  ; On                        ; On                 ;
; Report Source Assignments                                                  ; On                        ; On                 ;
; Report Connectivity Checks                                                 ; On                        ; On                 ;
; Ignore Maximum Fan-Out Assignments                                         ; Off                       ; Off                ;
; Synchronization Register Chain Length                                      ; 2                         ; 2                  ;
; PowerPlay Power Optimization During Synthesis                              ; Normal compilation        ; Normal compilation ;
; HDL message level                                                          ; Level2                    ; Level2             ;
; Suppress Register Optimization Related Messages                            ; Off                       ; Off                ;
; Number of Removed Registers Reported in Synthesis Report                   ; 5000                      ; 5000               ;
; Number of Swept Nodes Reported in Synthesis Report                         ; 5000                      ; 5000               ;
; Number of Inverted Registers Reported in Synthesis Report                  ; 100                       ; 100                ;
; Clock MUX Protection                                                       ; On                        ; On                 ;
; Auto Gated Clock Conversion                                                ; Off                       ; Off                ;
; Block Design Naming                                                        ; Auto                      ; Auto               ;
; SDC constraint protection                                                  ; Off                       ; Off                ;
; Synthesis Effort                                                           ; Auto                      ; Auto               ;
; Shift Register Replacement - Allow Asynchronous Clear Signal               ; On                        ; On                 ;
; Pre-Mapping Resynthesis Optimization                                       ; Off                       ; Off                ;
; Analysis & Synthesis Message Level                                         ; Medium                    ; Medium             ;
; Disable Register Merging Across Hierarchies                                ; Auto                      ; Auto               ;
; Resource Aware Inference For Block RAM                                     ; On                        ; On                 ;
+----------------------------------------------------------------------------+---------------------------+--------------------+


+------------------------------------------+
; Parallel Compilation                     ;
+----------------------------+-------------+
; Processors                 ; Number      ;
+----------------------------+-------------+
; Number detected on machine ; 12          ;
; Maximum allowed            ; 6           ;
;                            ;             ;
; Average used               ; 1.00        ;
; Maximum used               ; 1           ;
;                            ;             ;
; Usage by Processor         ; % Time Used ;
;     Processor 1            ; 100.0%      ;
+----------------------------+-------------+


+-------------------------------------------------------------------------------------------------------------------------------------------------------------------------------------------+
; Analysis & Synthesis Source Files Read                                                                                                                                                    ;
+----------------------------------+-----------------+------------------------------------+---------------------------------------------------------------------------------------+---------+
; File Name with User-Entered Path ; Used in Netlist ; File Type                          ; File Name with Absolute Path                                                          ; Library ;
+----------------------------------+-----------------+------------------------------------+---------------------------------------------------------------------------------------+---------+
; successiveSubtraction.vhdl       ; yes             ; User VHDL File                     ; C:/Users/welly/Documents/GitHub/LT38A/projeto01/quartus/successiveSubtraction.vhdl    ;         ;
; sevenBitsSub.vhdl                ; yes             ; User VHDL File                     ; C:/Users/welly/Documents/GitHub/LT38A/projeto01/quartus/sevenBitsSub.vhdl             ;         ;
; sevenBitsComp.vhdl               ; yes             ; User VHDL File                     ; C:/Users/welly/Documents/GitHub/LT38A/projeto01/quartus/sevenBitsComp.vhdl            ;         ;
; incrementer.vhdl                 ; yes             ; User VHDL File                     ; C:/Users/welly/Documents/GitHub/LT38A/projeto01/quartus/incrementer.vhdl              ;         ;
; halfSubtractor.vhdl              ; yes             ; User VHDL File                     ; C:/Users/welly/Documents/GitHub/LT38A/projeto01/quartus/halfSubtractor.vhdl           ;         ;
; halfComparator.vhdl              ; yes             ; User VHDL File                     ; C:/Users/welly/Documents/GitHub/LT38A/projeto01/quartus/halfComparator.vhdl           ;         ;
; halfAdder.vhdl                   ; yes             ; User VHDL File                     ; C:/Users/welly/Documents/GitHub/LT38A/projeto01/quartus/halfAdder.vhdl                ;         ;
; fullSubtractor.vhdl              ; yes             ; User VHDL File                     ; C:/Users/welly/Documents/GitHub/LT38A/projeto01/quartus/fullSubtractor.vhdl           ;         ;
; fullComparator.vhdl              ; yes             ; User VHDL File                     ; C:/Users/welly/Documents/GitHub/LT38A/projeto01/quartus/fullComparator.vhdl           ;         ;
; testSuccessiveSubtraction.bdf    ; yes             ; User Block Diagram/Schematic File  ; C:/Users/welly/Documents/GitHub/LT38A/projeto01/quartus/testSuccessiveSubtraction.bdf ;         ;
+----------------------------------+-----------------+------------------------------------+---------------------------------------------------------------------------------------+---------+


+------------------------------------------------------------------------------------------------------------------------------------+
; Analysis & Synthesis Resource Usage Summary                                                                                        ;
+---------------------------------------------+--------------------------------------------------------------------------------------+
; Resource                                    ; Usage                                                                                ;
+---------------------------------------------+--------------------------------------------------------------------------------------+
; Estimated Total logic elements              ; 28                                                                                   ;
;                                             ;                                                                                      ;
; Total combinational functions               ; 28                                                                                   ;
; Logic element usage by number of LUT inputs ;                                                                                      ;
;     -- 4 input functions                    ; 14                                                                                   ;
;     -- 3 input functions                    ; 13                                                                                   ;
;     -- <=2 input functions                  ; 1                                                                                    ;
;                                             ;                                                                                      ;
; Logic elements by mode                      ;                                                                                      ;
;     -- normal mode                          ; 28                                                                                   ;
;     -- arithmetic mode                      ; 0                                                                                    ;
;                                             ;                                                                                      ;
; Total registers                             ; 0                                                                                    ;
;     -- Dedicated logic registers            ; 0                                                                                    ;
;     -- I/O registers                        ; 0                                                                                    ;
;                                             ;                                                                                      ;
; I/O pins                                    ; 35                                                                                   ;
;                                             ;                                                                                      ;
; Embedded Multiplier 9-bit elements          ; 0                                                                                    ;
;                                             ;                                                                                      ;
; Maximum fan-out node                        ; successiveSubtraction:inst|sevenBitsComp:sbc|fullComparator:\G1:6:fullComp|smaller~6 ;
; Maximum fan-out                             ; 14                                                                                   ;
; Total fan-out                               ; 146                                                                                  ;
; Average fan-out                             ; 1.49                                                                                 ;
+---------------------------------------------+--------------------------------------------------------------------------------------+


+------------------------------------------------------------------------------------------------------------------------------------------------------------------------------------------------------------------------------------------------------------------------------------------------------------------------+
; Analysis & Synthesis Resource Utilization by Entity                                                                                                                                                                                                                                                                    ;
+------------------------------------------+---------------------+---------------------------+-------------+--------------+---------+-----------+------+--------------+-------------------------------------------------------------------------------------------------------+---------------------------+--------------+
; Compilation Hierarchy Node               ; Combinational ALUTs ; Dedicated Logic Registers ; Memory Bits ; DSP Elements ; DSP 9x9 ; DSP 18x18 ; Pins ; Virtual Pins ; Full Hierarchy Name                                                                                   ; Entity Name               ; Library Name ;
+------------------------------------------+---------------------+---------------------------+-------------+--------------+---------+-----------+------+--------------+-------------------------------------------------------------------------------------------------------+---------------------------+--------------+
; |testSuccessiveSubtraction               ; 28 (0)              ; 0 (0)                     ; 0           ; 0            ; 0       ; 0         ; 35   ; 0            ; |testSuccessiveSubtraction                                                                            ; testSuccessiveSubtraction ; work         ;
;    |successiveSubtraction:inst|          ; 28 (15)             ; 0 (0)                     ; 0           ; 0            ; 0       ; 0         ; 0    ; 0            ; |testSuccessiveSubtraction|successiveSubtraction:inst                                                 ; successiveSubtraction     ; work         ;
;       |incrementer:inc|                  ; 2 (0)               ; 0 (0)                     ; 0           ; 0            ; 0       ; 0         ; 0    ; 0            ; |testSuccessiveSubtraction|successiveSubtraction:inst|incrementer:inc                                 ; incrementer               ; work         ;
;          |halfAdder:\loop1:2:ha|         ; 1 (1)               ; 0 (0)                     ; 0           ; 0            ; 0       ; 0         ; 0    ; 0            ; |testSuccessiveSubtraction|successiveSubtraction:inst|incrementer:inc|halfAdder:\loop1:2:ha           ; halfAdder                 ; work         ;
;          |halfAdder:\loop1:4:ha|         ; 1 (1)               ; 0 (0)                     ; 0           ; 0            ; 0       ; 0         ; 0    ; 0            ; |testSuccessiveSubtraction|successiveSubtraction:inst|incrementer:inc|halfAdder:\loop1:4:ha           ; halfAdder                 ; work         ;
;       |sevenBitsComp:sbc|                ; 7 (0)               ; 0 (0)                     ; 0           ; 0            ; 0       ; 0         ; 0    ; 0            ; |testSuccessiveSubtraction|successiveSubtraction:inst|sevenBitsComp:sbc                               ; sevenBitsComp             ; work         ;
;          |fullComparator:\G1:6:fullComp| ; 7 (7)               ; 0 (0)                     ; 0           ; 0            ; 0       ; 0         ; 0    ; 0            ; |testSuccessiveSubtraction|successiveSubtraction:inst|sevenBitsComp:sbc|fullComparator:\G1:6:fullComp ; fullComparator            ; work         ;
;       |sevenBitsSub:sbs|                 ; 4 (0)               ; 0 (0)                     ; 0           ; 0            ; 0       ; 0         ; 0    ; 0            ; |testSuccessiveSubtraction|successiveSubtraction:inst|sevenBitsSub:sbs                                ; sevenBitsSub              ; work         ;
;          |fullSubtractor:\G1:1:fs|       ; 1 (1)               ; 0 (0)                     ; 0           ; 0            ; 0       ; 0         ; 0    ; 0            ; |testSuccessiveSubtraction|successiveSubtraction:inst|sevenBitsSub:sbs|fullSubtractor:\G1:1:fs        ; fullSubtractor            ; work         ;
;          |fullSubtractor:\G1:2:fs|       ; 1 (1)               ; 0 (0)                     ; 0           ; 0            ; 0       ; 0         ; 0    ; 0            ; |testSuccessiveSubtraction|successiveSubtraction:inst|sevenBitsSub:sbs|fullSubtractor:\G1:2:fs        ; fullSubtractor            ; work         ;
;          |fullSubtractor:\G1:3:fs|       ; 1 (1)               ; 0 (0)                     ; 0           ; 0            ; 0       ; 0         ; 0    ; 0            ; |testSuccessiveSubtraction|successiveSubtraction:inst|sevenBitsSub:sbs|fullSubtractor:\G1:3:fs        ; fullSubtractor            ; work         ;
;          |fullSubtractor:\G1:4:fs|       ; 1 (1)               ; 0 (0)                     ; 0           ; 0            ; 0       ; 0         ; 0    ; 0            ; |testSuccessiveSubtraction|successiveSubtraction:inst|sevenBitsSub:sbs|fullSubtractor:\G1:4:fs        ; fullSubtractor            ; work         ;
+------------------------------------------+---------------------+---------------------------+-------------+--------------+---------+-----------+------+--------------+-------------------------------------------------------------------------------------------------------+---------------------------+--------------+
Note: For table entries with two numbers listed, the numbers in parentheses indicate the number of resources of the given type used by the specific entity alone. The numbers listed outside of parentheses indicate the total resources of the given type used by the specific entity and all of its sub-entities in the hierarchy.


+------------------------------------------------------+
; General Register Statistics                          ;
+----------------------------------------------+-------+
; Statistic                                    ; Value ;
+----------------------------------------------+-------+
; Total registers                              ; 0     ;
; Number of registers using Synchronous Clear  ; 0     ;
; Number of registers using Synchronous Load   ; 0     ;
; Number of registers using Asynchronous Clear ; 0     ;
; Number of registers using Asynchronous Load  ; 0     ;
; Number of registers using Clock Enable       ; 0     ;
; Number of registers using Preset             ; 0     ;
+----------------------------------------------+-------+


+----------------------------------------------------------------------------------------------------------------+
; Port Connectivity Checks: "successiveSubtraction:inst|incrementer:inc|halfAdder:\loop1:6:ha"                   ;
+------+--------+----------+-------------------------------------------------------------------------------------+
; Port ; Type   ; Severity ; Details                                                                             ;
+------+--------+----------+-------------------------------------------------------------------------------------+
; c    ; Output ; Info     ; Connected to dangling logic. Logic that only feeds a dangling port will be removed. ;
+------+--------+----------+-------------------------------------------------------------------------------------+


+--------------------------------------------------------------------------------------+
; Port Connectivity Checks: "successiveSubtraction:inst|incrementer:inc|halfAdder:ha0" ;
+------+-------+----------+------------------------------------------------------------+
; Port ; Type  ; Severity ; Details                                                    ;
+------+-------+----------+------------------------------------------------------------+
; b    ; Input ; Info     ; Stuck at VCC                                               ;
+------+-------+----------+------------------------------------------------------------+


+------------------------------------------------------------------------------------------------------------------+
; Port Connectivity Checks: "successiveSubtraction:inst|sevenBitsSub:sbs|fullSubtractor:\G1:6:fs"                  ;
+--------+--------+----------+-------------------------------------------------------------------------------------+
; Port   ; Type   ; Severity ; Details                                                                             ;
+--------+--------+----------+-------------------------------------------------------------------------------------+
; borrow ; Output ; Info     ; Connected to dangling logic. Logic that only feeds a dangling port will be removed. ;
+--------+--------+----------+-------------------------------------------------------------------------------------+


+------------------------------------------------------------------------------------------------------------------+
; Port Connectivity Checks: "successiveSubtraction:inst|sevenBitsComp:sbc|fullComparator:\G1:6:fullComp"           ;
+--------+--------+----------+-------------------------------------------------------------------------------------+
; Port   ; Type   ; Severity ; Details                                                                             ;
+--------+--------+----------+-------------------------------------------------------------------------------------+
; bigger ; Output ; Info     ; Connected to dangling logic. Logic that only feeds a dangling port will be removed. ;
; equal  ; Output ; Info     ; Connected to dangling logic. Logic that only feeds a dangling port will be removed. ;
+--------+--------+----------+-------------------------------------------------------------------------------------+


+-----------------------------------------------------+
; Post-Synthesis Netlist Statistics for Top Partition ;
+-----------------------+-----------------------------+
; Type                  ; Count                       ;
+-----------------------+-----------------------------+
; boundary_port         ; 35                          ;
; cycloneiii_lcell_comb ; 29                          ;
;     normal            ; 29                          ;
;         1 data inputs ; 1                           ;
;         2 data inputs ; 1                           ;
;         3 data inputs ; 13                          ;
;         4 data inputs ; 14                          ;
;                       ;                             ;
; Max LUT depth         ; 6.00                        ;
; Average LUT depth     ; 4.72                        ;
+-----------------------+-----------------------------+


+-------------------------------+
; Elapsed Time Per Partition    ;
+----------------+--------------+
; Partition Name ; Elapsed Time ;
+----------------+--------------+
; Top            ; 00:00:00     ;
+----------------+--------------+


+-------------------------------+
; Analysis & Synthesis Messages ;
+-------------------------------+
Info: *******************************************************************
Info: Running Quartus Prime Analysis & Synthesis
    Info: Version 17.0.0 Build 595 04/25/2017 SJ Lite Edition
    Info: Processing started: Mon Nov 20 21:04:23 2023
Info: Command: quartus_map --read_settings_files=on --write_settings_files=off proj1 -c proj1
Warning (18236): Number of processors has not been specified which may cause overloading on shared machines.  Set the global assignment NUM_PARALLEL_PROCESSORS in your QSF to an appropriate value for best performance.
Info (20030): Parallel compilation is enabled and will use 6 of the 6 processors detected
Info (12021): Found 2 design units, including 1 entities, in source file arquitetura.vhdl
    Info (12022): Found design unit 1: arquitetura-behavior File: C:/Users/welly/Documents/GitHub/LT38A/projeto01/quartus/arquitetura.vhdl Line: 20
    Info (12023): Found entity 1: arquitetura File: C:/Users/welly/Documents/GitHub/LT38A/projeto01/quartus/arquitetura.vhdl Line: 5
Info (12021): Found 2 design units, including 1 entities, in source file sevensegdecoder.vhdl
    Info (12022): Found design unit 1: sevenSegDecoder-behavior File: C:/Users/welly/Documents/GitHub/LT38A/projeto01/quartus/sevenSegDecoder.vhdl Line: 12
    Info (12023): Found entity 1: sevenSegDecoder File: C:/Users/welly/Documents/GitHub/LT38A/projeto01/quartus/sevenSegDecoder.vhdl Line: 5
Info (12021): Found 2 design units, including 1 entities, in source file sevenseg8bitdec.vhdl
    Info (12022): Found design unit 1: sevenSeg8bitDec-behavior File: C:/Users/welly/Documents/GitHub/LT38A/projeto01/quartus/sevenSeg8bitDec.vhdl Line: 12
    Info (12023): Found entity 1: sevenSeg8bitDec File: C:/Users/welly/Documents/GitHub/LT38A/projeto01/quartus/sevenSeg8bitDec.vhdl Line: 5
Info (12021): Found 2 design units, including 1 entities, in source file saida.vhdl
    Info (12022): Found design unit 1: saida-behavior File: C:/Users/welly/Documents/GitHub/LT38A/projeto01/quartus/saida.vhdl Line: 17
    Info (12023): Found entity 1: saida File: C:/Users/welly/Documents/GitHub/LT38A/projeto01/quartus/saida.vhdl Line: 5
Info (12021): Found 2 design units, including 1 entities, in source file outputmultiplexer.vhdl
    Info (12022): Found design unit 1: outputMultiplexer-behavior File: C:/Users/welly/Documents/GitHub/LT38A/projeto01/quartus/outputMultiplexer.vhdl Line: 13
    Info (12023): Found entity 1: outputMultiplexer File: C:/Users/welly/Documents/GitHub/LT38A/projeto01/quartus/outputMultiplexer.vhdl Line: 5
Info (12021): Found 2 design units, including 1 entities, in source file keypadhacked.vhdl
    Info (12022): Found design unit 1: keypadHACKED-behavior File: C:/Users/welly/Documents/GitHub/LT38A/projeto01/quartus/keypadHACKED.vhdl Line: 17
    Info (12023): Found entity 1: keypadHACKED File: C:/Users/welly/Documents/GitHub/LT38A/projeto01/quartus/keypadHACKED.vhdl Line: 5
Info (12021): Found 2 design units, including 1 entities, in source file entrada.vhdl
    Info (12022): Found design unit 1: entrada-behavior File: C:/Users/welly/Documents/GitHub/LT38A/projeto01/quartus/entrada.vhdl Line: 19
    Info (12023): Found entity 1: entrada File: C:/Users/welly/Documents/GitHub/LT38A/projeto01/quartus/entrada.vhdl Line: 7
Info (12021): Found 2 design units, including 1 entities, in source file bitconcat.vhdl
    Info (12022): Found design unit 1: bitConcat-behavior File: C:/Users/welly/Documents/GitHub/LT38A/projeto01/quartus/bitConcat.vhdl Line: 15
    Info (12023): Found entity 1: bitConcat File: C:/Users/welly/Documents/GitHub/LT38A/projeto01/quartus/bitConcat.vhdl Line: 7
Info (12021): Found 2 design units, including 1 entities, in source file registerselector.vhdl
    Info (12022): Found design unit 1: registerSelector-behavior File: C:/Users/welly/Documents/GitHub/LT38A/projeto01/quartus/registerSelector.vhdl Line: 13
    Info (12023): Found entity 1: registerSelector File: C:/Users/welly/Documents/GitHub/LT38A/projeto01/quartus/registerSelector.vhdl Line: 5
Info (12021): Found 2 design units, including 1 entities, in source file fourbitsregister.vhdl
    Info (12022): Found design unit 1: fourbitsRegister-behavior File: C:/Users/welly/Documents/GitHub/LT38A/projeto01/quartus/fourBitsRegister.vhdl Line: 13
    Info (12023): Found entity 1: fourbitsRegister File: C:/Users/welly/Documents/GitHub/LT38A/projeto01/quartus/fourBitsRegister.vhdl Line: 5
Info (12021): Found 2 design units, including 1 entities, in source file rowencoder.vhdl
    Info (12022): Found design unit 1: rowEncoder-behavior File: C:/Users/welly/Documents/GitHub/LT38A/projeto01/quartus/rowEncoder.vhdl Line: 13
    Info (12023): Found entity 1: rowEncoder File: C:/Users/welly/Documents/GitHub/LT38A/projeto01/quartus/rowEncoder.vhdl Line: 5
Info (12021): Found 2 design units, including 1 entities, in source file rowandcolencoder.vhdl
    Info (12022): Found design unit 1: rowAndColEncoder-behavior File: C:/Users/welly/Documents/GitHub/LT38A/projeto01/quartus/rowAndColEncoder.vhdl Line: 12
    Info (12023): Found entity 1: rowAndColEncoder File: C:/Users/welly/Documents/GitHub/LT38A/projeto01/quartus/rowAndColEncoder.vhdl Line: 5
Info (12021): Found 2 design units, including 1 entities, in source file ringcounter.vhdl
    Info (12022): Found design unit 1: ringCounter-behavior File: C:/Users/welly/Documents/GitHub/LT38A/projeto01/quartus/ringCounter.vhdl Line: 13
    Info (12023): Found entity 1: ringCounter File: C:/Users/welly/Documents/GitHub/LT38A/projeto01/quartus/ringCounter.vhdl Line: 5
Info (12021): Found 2 design units, including 1 entities, in source file keypadencoder.vhdl
    Info (12022): Found design unit 1: keypadEncoder-behavior File: C:/Users/welly/Documents/GitHub/LT38A/projeto01/quartus/keypadEncoder.vhdl Line: 17
    Info (12023): Found entity 1: keypadEncoder File: C:/Users/welly/Documents/GitHub/LT38A/projeto01/quartus/keypadEncoder.vhdl Line: 5
Info (12021): Found 2 design units, including 1 entities, in source file colencoder.vhdl
    Info (12022): Found design unit 1: colEncoder-behavior File: C:/Users/welly/Documents/GitHub/LT38A/projeto01/quartus/colEncoder.vhdl Line: 13
    Info (12023): Found entity 1: colEncoder File: C:/Users/welly/Documents/GitHub/LT38A/projeto01/quartus/colEncoder.vhdl Line: 5
Info (12021): Found 2 design units, including 1 entities, in source file clockdivider.vhdl
    Info (12022): Found design unit 1: Clock_Divider-behavior File: C:/Users/welly/Documents/GitHub/LT38A/projeto01/quartus/clockDivider.vhdl Line: 10
    Info (12023): Found entity 1: Clock_Divider File: C:/Users/welly/Documents/GitHub/LT38A/projeto01/quartus/clockDivider.vhdl Line: 5
Info (12021): Found 2 design units, including 1 entities, in source file successivesubtraction.vhdl
    Info (12022): Found design unit 1: successiveSubtraction-behavior File: C:/Users/welly/Documents/GitHub/LT38A/projeto01/quartus/successiveSubtraction.vhdl Line: 12
    Info (12023): Found entity 1: successiveSubtraction File: C:/Users/welly/Documents/GitHub/LT38A/projeto01/quartus/successiveSubtraction.vhdl Line: 5
Info (12021): Found 2 design units, including 1 entities, in source file sistema.vhdl
    Info (12022): Found design unit 1: sistema-behavior File: C:/Users/welly/Documents/GitHub/LT38A/projeto01/quartus/sistema.vhdl Line: 12
    Info (12023): Found entity 1: sistema File: C:/Users/welly/Documents/GitHub/LT38A/projeto01/quartus/sistema.vhdl Line: 5
Info (12021): Found 2 design units, including 1 entities, in source file sevenbitssub.vhdl
    Info (12022): Found design unit 1: sevenBitsSub-behavior File: C:/Users/welly/Documents/GitHub/LT38A/projeto01/quartus/sevenBitsSub.vhdl Line: 12
    Info (12023): Found entity 1: sevenBitsSub File: C:/Users/welly/Documents/GitHub/LT38A/projeto01/quartus/sevenBitsSub.vhdl Line: 5
Info (12021): Found 2 design units, including 1 entities, in source file sevenbitscomp.vhdl
    Info (12022): Found design unit 1: sevenBitsComp-behavior File: C:/Users/welly/Documents/GitHub/LT38A/projeto01/quartus/sevenBitsComp.vhdl Line: 12
    Info (12023): Found entity 1: sevenBitsComp File: C:/Users/welly/Documents/GitHub/LT38A/projeto01/quartus/sevenBitsComp.vhdl Line: 5
Warning (12019): Can't analyze file -- file keypadDecoder.vhdl is missing
Info (12021): Found 2 design units, including 1 entities, in source file incrementer.vhdl
    Info (12022): Found design unit 1: incrementer-behavior File: C:/Users/welly/Documents/GitHub/LT38A/projeto01/quartus/incrementer.vhdl Line: 13
    Info (12023): Found entity 1: incrementer File: C:/Users/welly/Documents/GitHub/LT38A/projeto01/quartus/incrementer.vhdl Line: 5
Info (12021): Found 2 design units, including 1 entities, in source file halfsubtractor.vhdl
    Info (12022): Found design unit 1: halfSubtractor-behavior File: C:/Users/welly/Documents/GitHub/LT38A/projeto01/quartus/halfSubtractor.vhdl Line: 12
    Info (12023): Found entity 1: halfSubtractor File: C:/Users/welly/Documents/GitHub/LT38A/projeto01/quartus/halfSubtractor.vhdl Line: 5
Info (12021): Found 2 design units, including 1 entities, in source file halfcomparator.vhdl
    Info (12022): Found design unit 1: halfComparator-behavior File: C:/Users/welly/Documents/GitHub/LT38A/projeto01/quartus/halfComparator.vhdl Line: 12
    Info (12023): Found entity 1: halfComparator File: C:/Users/welly/Documents/GitHub/LT38A/projeto01/quartus/halfComparator.vhdl Line: 5
Info (12021): Found 2 design units, including 1 entities, in source file halfadder.vhdl
    Info (12022): Found design unit 1: halfAdder-behavior File: C:/Users/welly/Documents/GitHub/LT38A/projeto01/quartus/halfAdder.vhdl Line: 13
    Info (12023): Found entity 1: halfAdder File: C:/Users/welly/Documents/GitHub/LT38A/projeto01/quartus/halfAdder.vhdl Line: 5
Info (12021): Found 2 design units, including 1 entities, in source file fullsubtractor.vhdl
    Info (12022): Found design unit 1: fullSubtractor-behavior File: C:/Users/welly/Documents/GitHub/LT38A/projeto01/quartus/fullSubtractor.vhdl Line: 13
    Info (12023): Found entity 1: fullSubtractor File: C:/Users/welly/Documents/GitHub/LT38A/projeto01/quartus/fullSubtractor.vhdl Line: 6
Info (12021): Found 2 design units, including 1 entities, in source file fullcomparator.vhdl
    Info (12022): Found design unit 1: fullComparator-behavior File: C:/Users/welly/Documents/GitHub/LT38A/projeto01/quartus/fullComparator.vhdl Line: 13
    Info (12023): Found entity 1: fullComparator File: C:/Users/welly/Documents/GitHub/LT38A/projeto01/quartus/fullComparator.vhdl Line: 5
Info (12021): Found 1 design units, including 1 entities, in source file testsistema.bdf
    Info (12023): Found entity 1: testSistema
Info (12021): Found 1 design units, including 1 entities, in source file testkeypadencoder.bdf
    Info (12023): Found entity 1: testKeypadEncoder
Info (12021): Found 1 design units, including 1 entities, in source file testbitconcat.bdf
    Info (12023): Found entity 1: testBitConcat
Info (12021): Found 1 design units, including 1 entities, in source file testentrada.bdf
    Info (12023): Found entity 1: testEntrada
Info (12021): Found 2 design units, including 1 entities, in source file testregisters.vhd
    Info (12022): Found design unit 1: testRegisters-behavior File: C:/Users/welly/Documents/GitHub/LT38A/projeto01/quartus/testRegisters.vhd Line: 18
    Info (12023): Found entity 1: testRegisters File: C:/Users/welly/Documents/GitHub/LT38A/projeto01/quartus/testRegisters.vhd Line: 7
Info (12021): Found 1 design units, including 1 entities, in source file testememoria.bdf
    Info (12023): Found entity 1: testememoria
Info (12021): Found 1 design units, including 1 entities, in source file testsaida.bdf
    Info (12023): Found entity 1: testSaida
Info (12021): Found 1 design units, including 1 entities, in source file testarquitetura.bdf
    Info (12023): Found entity 1: testArquitetura
Info (12021): Found 1 design units, including 1 entities, in source file testsevensegdecoder.bdf
    Info (12023): Found entity 1: testSevenSegDecoder
Info (12021): Found 1 design units, including 1 entities, in source file testsevenseg8bitdec.bdf
    Info (12023): Found entity 1: testSevenSeg8BitDec
Info (12021): Found 1 design units, including 1 entities, in source file testoutputmultiplexes.bdf
    Info (12023): Found entity 1: testoutputmultiplexes
Info (12021): Found 1 design units, including 1 entities, in source file testringcounter.bdf
    Info (12023): Found entity 1: testringcounter
Info (12021): Found 1 design units, including 1 entities, in source file testrowencoder.bdf
    Info (12023): Found entity 1: testrowencoder
Info (12021): Found 1 design units, including 1 entities, in source file testrowandcolencoder.bdf
    Info (12023): Found entity 1: testrowandcolencoder
Info (12021): Found 1 design units, including 1 entities, in source file testregisterselector.bdf
    Info (12023): Found entity 1: testregisterselector
Info (12021): Found 1 design units, including 1 entities, in source file testforbitsregister.bdf
    Info (12023): Found entity 1: testforbitsregister
Info (12021): Found 1 design units, including 1 entities, in source file testclockdivider.bdf
    Info (12023): Found entity 1: testclockdivider
Info (12021): Found 1 design units, including 1 entities, in source file testsuccessivesubtraction.bdf
    Info (12023): Found entity 1: testSuccessiveSubtraction
Info (12127): Elaborating entity "testSuccessiveSubtraction" for the top level hierarchy
Info (12128): Elaborating entity "successiveSubtraction" for hierarchy "successiveSubtraction:inst"
Info (12128): Elaborating entity "sevenBitsComp" for hierarchy "successiveSubtraction:inst|sevenBitsComp:sbc" File: C:/Users/welly/Documents/GitHub/LT38A/projeto01/quartus/successiveSubtraction.vhdl Line: 43
Info (12128): Elaborating entity "halfComparator" for hierarchy "successiveSubtraction:inst|sevenBitsComp:sbc|halfComparator:hfComp" File: C:/Users/welly/Documents/GitHub/LT38A/projeto01/quartus/sevenBitsComp.vhdl Line: 33
Info (12128): Elaborating entity "fullComparator" for hierarchy "successiveSubtraction:inst|sevenBitsComp:sbc|fullComparator:\G1:1:fullComp" File: C:/Users/welly/Documents/GitHub/LT38A/projeto01/quartus/sevenBitsComp.vhdl Line: 37
Info (12128): Elaborating entity "sevenBitsSub" for hierarchy "successiveSubtraction:inst|sevenBitsSub:sbs" File: C:/Users/welly/Documents/GitHub/LT38A/projeto01/quartus/successiveSubtraction.vhdl Line: 44
Info (12128): Elaborating entity "halfSubtractor" for hierarchy "successiveSubtraction:inst|sevenBitsSub:sbs|halfSubtractor:hs" File: C:/Users/welly/Documents/GitHub/LT38A/projeto01/quartus/sevenBitsSub.vhdl Line: 32
Info (12128): Elaborating entity "fullSubtractor" for hierarchy "successiveSubtraction:inst|sevenBitsSub:sbs|fullSubtractor:\G1:1:fs" File: C:/Users/welly/Documents/GitHub/LT38A/projeto01/quartus/sevenBitsSub.vhdl Line: 36
Info (12128): Elaborating entity "incrementer" for hierarchy "successiveSubtraction:inst|incrementer:inc" File: C:/Users/welly/Documents/GitHub/LT38A/projeto01/quartus/successiveSubtraction.vhdl Line: 45
Info (12128): Elaborating entity "halfAdder" for hierarchy "successiveSubtraction:inst|incrementer:inc|halfAdder:ha0" File: C:/Users/welly/Documents/GitHub/LT38A/projeto01/quartus/incrementer.vhdl Line: 26
Info (286030): Timing-Driven Synthesis is running
Info (16010): Generating hard_block partition "hard_block:auto_generated_inst"
    Info (16011): Adding 0 node(s), including 0 DDIO, 0 PLL, 0 transceiver and 0 LCELL
Info (21057): Implemented 63 device resources after synthesis - the final resource count might be different
    Info (21058): Implemented 21 input pins
    Info (21059): Implemented 14 output pins
    Info (21061): Implemented 28 logic cells
Info: Quartus Prime Analysis & Synthesis was successful. 0 errors, 2 warnings
    Info: Peak virtual memory: 4805 megabytes
    Info: Processing ended: Mon Nov 20 21:04:32 2023
    Info: Elapsed time: 00:00:09
    Info: Total CPU time (on all processors): 00:00:16


